npm warn Unknown project config "shamefully-hoist". This will stop working in the next major version of npm.

> astro-temp@1.0.0-beta.52 build
> astro build

[2m13:45:47[22m [34m[astrowind][39m Astrowind `./src/config.yaml` has been loaded.
[2m13:45:47[22m [34m[content][39m Syncing content
[2m13:45:47[22m [34m[content][39m Synced content
[2m13:45:47[22m [34m[types][39m Generated [2m797ms[22m
[2m13:45:47[22m [34m[build][39m output: [34m"static"[39m
[2m13:45:47[22m [34m[build][39m mode: [34m"static"[39m
[2m13:45:47[22m [34m[build][39m directory: [34mC:\Users\sasis\344dev\syllabus-hack\dist\[39m
[2m13:45:47[22m [34m[build][39m Collecting build info...
[2m13:45:47[22m [34m[build][39m [32m✓ Completed in 1.02s.[39m
[2m13:45:47[22m [34m[build][39m Building static entrypoints...
13:45:52 [ERROR] [vite] ✗ Build failed in 4.24s
[ImageNotFound] [commonjs--resolver] Could not find requested image `C:\Users\sasis\344dev\syllabus-hack\src/assets/images/post/common/method.png`. Does it exist?
  Hint:
    This is often caused by a typo in the image path. Please make sure the file exists, and is spelled correctly.
  Error reference:
    https://docs.astro.build/en/reference/errors/image-not-found/
  Stack trace:
    at Object.resolveId (file:///C:/Users/sasis/344dev/syllabus-hack/node_modules/astro/dist/content/vite-plugin-content-assets.js:31:17)
    at async resolveId (file:///C:/Users/sasis/344dev/syllabus-hack/node_modules/rollup/dist/es/shared/node-entry.js:20552:26)
    at async Object.resolveId (file:///C:/Users/sasis/344dev/syllabus-hack/node_modules/vite/dist/node/chunks/dep-D4NMHUTW.js:2835:10)
    at async resolveId (file:///C:/Users/sasis/344dev/syllabus-hack/node_modules/rollup/dist/es/shared/node-entry.js:20552:26)
    at async Object.viteAliasCustomResolver (file:///C:/Users/sasis/344dev/syllabus-hack/node_modules/vite/dist/node/chunks/dep-D4NMHUTW.js:42034:20)
    at async resolveId (file:///C:/Users/sasis/344dev/syllabus-hack/node_modules/rollup/dist/es/shared/node-entry.js:20552:26)
    at async Object.resolveId (file:///C:/Users/sasis/344dev/syllabus-hack/node_modules/vite/dist/node/chunks/dep-D4NMHUTW.js:2835:10)
    at async resolveId (file:///C:/Users/sasis/344dev/syllabus-hack/node_modules/rollup/dist/es/shared/node-entry.js:20552:26)
    at async file:///C:/Users/sasis/344dev/syllabus-hack/node_modules/rollup/dist/es/shared/node-entry.js:21288:50
